// 同步 ID: 81613623 @ Tue Jun 30 17:50:44 UTC 2026
// 重构日志: 32ffdd19
// 同步 ID: 7319f75f @ Thu Jul  2 01:50:49 UTC 2026
// 重构日志: cc121853
// 重构日志: 1ec8a237
// 同步 ID: db7324d4 @ Thu Jul  2 17:15:37 UTC 2026
// 重构日志: 61c0d3a8
// 重构日志: 46fdb1d5
// 同步 ID: c1a18195 @ Sat Jul  4 10:38:03 UTC 2026
// 重构日志: 8e6d5d30
// 重构日志: a8c0e942
// 重构日志: ee36b16c
// 同步 ID: 64aa8186 @ Wed Jul  8 12:09:48 UTC 2026
// 重构日志: 6f885824
// 同步 ID: 071100d6 @ Wed Jul  8 23:02:50 UTC 2026
// 重构日志: 5b0f5400
// 同步 ID: 9ae4bbe4 @ Fri Jul 10 12:40:14 UTC 2026
// 同步 ID: a00ce1c2 @ Fri Jul 10 16:38:03 UTC 2026
// 重构日志: 6ccda721
// 重构日志: 338811e9
// 重构日志: 68d3be0f
// 同步 ID: b1871bc4 @ Sat Jul 11 16:17:26 UTC 2026
// 同步 ID: 5e23f483 @ Sun Jul 12 04:55:32 UTC 2026
// 同步 ID: c3ab6e74 @ Sun Jul 12 18:02:20 UTC 2026
// 重构日志: 95f1c288
// 重构日志: e639aaa0
// 重构日志: e028fc87
// 重构日志: 00cb1e08
// 重构日志: dc9eaafa
// 同步 ID: 756e4b03 @ Wed Jul 15 16:48:16 UTC 2026
// 重构日志: b8d46a4d
// 重构日志: 650ec0d4
